-------------------------------------------------------------------------------
Test set: com.saucelabs.example.TestSetup
-------------------------------------------------------------------------------
Tests run: 4, Failures: 2, Errors: 0, Skipped: 1, Time elapsed: 49.357 sec <<< FAILURE!
IanFtwoPlusThreeOperation(com.saucelabs.example.TestSetup)  Time elapsed: 2.726 sec  <<< FAILURE!
org.openqa.selenium.SessionNotCreatedException: Unable to create a new remote session. Please check the server log for more details. Original error: There is no device that matches your criteria. DesiredCapabilities: {appiumVersion=1.13.0, platformVersion=11, name=IanFtwoPlusThreeOperation, testobject_api_key=482E35E9EBD1437391ABBE1F7502C633, platformName=iOS, deviceName=iPhone 8, testobject_device=iPhone 8, testobject_appium_version=1.13.0, testobject_test_name=IanFtwoPlusThreeOperation, testobject_platform_name=iOS}
Build info: version: 'unknown', revision: 'unknown', time: 'unknown'
System info: host: 'Sauce Labs RDC', ip: 'N/A', os.name: 'Linux', os.arch: 'amd64', os.version: '4.4.0-119-generic', java.version: '1.8.0_191'
Driver info: driver.version: unknown
Command duration or timeout: 2.20 seconds
Build info: version: '4.0.0-alpha-1', revision: 'd1d3728cae', time: '2019-04-24T13:42:21'
System info: host: 'SL-1155.local', ip: '2600:1700:8e01:3f0:0:0:0:42%en0', os.name: 'Mac OS X', os.arch: 'x86_64', os.version: '10.14.3', java.version: '11.0.2'
Driver info: driver.version: IOSDriver
	at io.appium.java_client.remote.AppiumCommandExecutor$1.createSession(AppiumCommandExecutor.java:208)
	at io.appium.java_client.remote.AppiumCommandExecutor.createSession(AppiumCommandExecutor.java:217)
	at io.appium.java_client.remote.AppiumCommandExecutor.execute(AppiumCommandExecutor.java:239)
	at org.openqa.selenium.remote.RemoteWebDriver.execute(RemoteWebDriver.java:577)
	at org.openqa.selenium.remote.RemoteWebDriver.startSession(RemoteWebDriver.java:211)
	at io.appium.java_client.AppiumDriver.startSession(AppiumDriver.java:323)
	at org.openqa.selenium.remote.RemoteWebDriver.<init>(RemoteWebDriver.java:131)
	at io.appium.java_client.DefaultGenericMobileDriver.<init>(DefaultGenericMobileDriver.java:37)
	at io.appium.java_client.AppiumDriver.<init>(AppiumDriver.java:86)
	at io.appium.java_client.AppiumDriver.<init>(AppiumDriver.java:96)
	at io.appium.java_client.ios.IOSDriver.<init>(IOSDriver.java:92)
	at com.saucelabs.example.TestSetup.createDriver(TestSetup.java:64)
	at com.saucelabs.example.TestSetup.IanFtwoPlusThreeOperation(TestSetup.java:73)
Caused by: java.lang.reflect.InvocationTargetException
	at java.base/jdk.internal.reflect.NativeMethodAccessorImpl.invoke0(Native Method)
	at java.base/jdk.internal.reflect.NativeMethodAccessorImpl.invoke(NativeMethodAccessorImpl.java:62)
	at java.base/jdk.internal.reflect.DelegatingMethodAccessorImpl.invoke(DelegatingMethodAccessorImpl.java:43)
	at java.base/java.lang.reflect.Method.invoke(Method.java:566)
	at io.appium.java_client.remote.AppiumCommandExecutor$1.createSession(AppiumCommandExecutor.java:186)
	... 27 more
Caused by: org.openqa.selenium.SessionNotCreatedException: There is no device that matches your criteria. DesiredCapabilities: {appiumVersion=1.13.0, platformVersion=11, name=IanFtwoPlusThreeOperation, testobject_api_key=482E35E9EBD1437391ABBE1F7502C633, platformName=iOS, deviceName=iPhone 8, testobject_device=iPhone 8, testobject_appium_version=1.13.0, testobject_test_name=IanFtwoPlusThreeOperation, testobject_platform_name=iOS}
Build info: version: 'unknown', revision: 'unknown', time: 'unknown'
System info: host: 'Sauce Labs RDC', ip: 'N/A', os.name: 'Linux', os.arch: 'amd64', os.version: '4.4.0-119-generic', java.version: '1.8.0_191'
Driver info: driver.version: unknown
Command duration or timeout: 2.20 seconds
	at java.base/jdk.internal.reflect.NativeConstructorAccessorImpl.newInstance0(Native Method)
	at java.base/jdk.internal.reflect.NativeConstructorAccessorImpl.newInstance(NativeConstructorAccessorImpl.java:62)
	at java.base/jdk.internal.reflect.DelegatingConstructorAccessorImpl.newInstance(DelegatingConstructorAccessorImpl.java:45)
	at java.base/java.lang.reflect.Constructor.newInstance(Constructor.java:490)
	at org.openqa.selenium.remote.ErrorHandler.createThrowable(ErrorHandler.java:214)
	at org.openqa.selenium.remote.ErrorHandler.throwIfResponseFailed(ErrorHandler.java:166)
	at org.openqa.selenium.remote.JsonWireProtocolResponse.lambda$errorHandler$0(JsonWireProtocolResponse.java:54)
	at org.openqa.selenium.remote.HandshakeResponse.lambda$getResponseFunction$0(HandshakeResponse.java:30)
	at org.openqa.selenium.remote.ProtocolHandshake.lambda$createSession$0(ProtocolHandshake.java:126)
	at java.base/java.util.stream.ReferencePipeline$3$1.accept(ReferencePipeline.java:195)
	at java.base/java.util.Spliterators$ArraySpliterator.tryAdvance(Spliterators.java:958)
	at java.base/java.util.stream.ReferencePipeline.forEachWithCancel(ReferencePipeline.java:127)
	at java.base/java.util.stream.AbstractPipeline.copyIntoWithCancel(AbstractPipeline.java:502)
	at java.base/java.util.stream.AbstractPipeline.copyInto(AbstractPipeline.java:488)
	at java.base/java.util.stream.AbstractPipeline.wrapAndCopyInto(AbstractPipeline.java:474)
	at java.base/java.util.stream.FindOps$FindOp.evaluateSequential(FindOps.java:150)
	at java.base/java.util.stream.AbstractPipeline.evaluate(AbstractPipeline.java:234)
	at java.base/java.util.stream.ReferencePipeline.findFirst(ReferencePipeline.java:543)
	at org.openqa.selenium.remote.ProtocolHandshake.createSession(ProtocolHandshake.java:128)
	... 32 more
Caused by: org.openqa.selenium.SessionNotCreatedException: There is no device that matches your criteria. DesiredCapabilities: {appiumVersion=1.13.0, platformVersion=11, name=IanFtwoPlusThreeOperation, testobject_api_key=482E35E9EBD1437391ABBE1F7502C633, platformName=iOS, deviceName=iPhone 8, testobject_device=iPhone 8, testobject_appium_version=1.13.0, testobject_test_name=IanFtwoPlusThreeOperation, testobject_platform_name=iOS}
Build info: version: 'unknown', revision: 'unknown', time: 'unknown'
System info: host: 'Sauce Labs RDC', ip: 'N/A', os.name: 'Linux', os.arch: 'amd64', os.version: '4.4.0-119-generic', java.version: '1.8.0_191'
Driver info: driver.version: unknown
Build info: version: '4.0.0-alpha-1', revision: 'd1d3728cae', time: '2019-04-24T13:42:21'
System info: host: 'SL-1155.local', ip: '2600:1700:8e01:3f0:0:0:0:42%en0', os.name: 'Mac OS X', os.arch: 'x86_64', os.version: '10.14.3', java.version: '11.0.2'
Driver info: driver.version: unknown

tearDown(com.saucelabs.example.TestSetup)  Time elapsed: 2.905 sec  <<< FAILURE!
java.lang.NullPointerException
	at com.saucelabs.example.TestSetup.tearDown(TestSetup.java:99)

