<?xml version="1.0" encoding="UTF-8" ?>
<testsuite tests="4" failures="2" name="com.saucelabs.example.TestSetup" time="93.685" errors="0" skipped="1">
  <properties>
[...]
</properties>
  <testcase classname="com.saucelabs.example.TestSetup" name="IanFtwoPlusThreeOperation" time="2.726">
    <failure message="Unable to create a new remote session. Please check the server log for more details. Original error: There is no device that matches your criteria. DesiredCapabilities: {appiumVersion=1.13.0, platformVersion=11, name=IanFtwoPlusThreeOperation, testobject_api_key=482E35E9EBD1437391ABBE1F7502C633, platformName=iOS, deviceName=iPhone 8, testobject_device=iPhone 8, testobject_appium_version=1.13.0, testobject_test_name=IanFtwoPlusThreeOperation, testobject_platform_name=iOS}
Build info: version: &apos;unknown&apos;, revision: &apos;unknown&apos;, time: &apos;unknown&apos;
System info: host: &apos;Sauce Labs RDC&apos;, ip: &apos;N/A&apos;, os.name: &apos;Linux&apos;, os.arch: &apos;amd64&apos;, os.version: &apos;4.4.0-119-generic&apos;, java.version: &apos;1.8.0_191&apos;
Driver info: driver.version: unknown
Command duration or timeout: 2.20 seconds
Build info: version: &apos;4.0.0-alpha-1&apos;, revision: &apos;d1d3728cae&apos;, time: &apos;2019-04-24T13:42:21&apos;
System info: host: &apos;SL-1155.local&apos;, ip: &apos;2600:1700:8e01:3f0:0:0:0:42%en0&apos;, os.name: &apos;Mac OS X&apos;, os.arch: &apos;x86_64&apos;, os.version: &apos;10.14.3&apos;, java.version: &apos;11.0.2&apos;
Driver info: driver.version: IOSDriver" type="org.openqa.selenium.SessionNotCreatedException">org.openqa.selenium.SessionNotCreatedException: Unable to create a new remote session. Please check the server log for more details. Original error: There is no device that matches your criteria. DesiredCapabilities: {appiumVersion=1.13.0, platformVersion=11, name=IanFtwoPlusThreeOperation, testobject_api_key=482E35E9EBD1437391ABBE1F7502C633, platformName=iOS, deviceName=iPhone 8, testobject_device=iPhone 8, testobject_appium_version=1.13.0, testobject_test_name=IanFtwoPlusThreeOperation, testobject_platform_name=iOS}
Build info: version: &apos;unknown&apos;, revision: &apos;unknown&apos;, time: &apos;unknown&apos;
System info: host: &apos;Sauce Labs RDC&apos;, ip: &apos;N/A&apos;, os.name: &apos;Linux&apos;, os.arch: &apos;amd64&apos;, os.version: &apos;4.4.0-119-generic&apos;, java.version: &apos;1.8.0_191&apos;
Driver info: driver.version: unknown
Command duration or timeout: 2.20 seconds
Build info: version: &apos;4.0.0-alpha-1&apos;, revision: &apos;d1d3728cae&apos;, time: &apos;2019-04-24T13:42:21&apos;
System info: host: &apos;SL-1155.local&apos;, ip: &apos;2600:1700:8e01:3f0:0:0:0:42%en0&apos;, os.name: &apos;Mac OS X&apos;, os.arch: &apos;x86_64&apos;, os.version: &apos;10.14.3&apos;, java.version: &apos;11.0.2&apos;
Driver info: driver.version: IOSDriver
	at io.appium.java_client.remote.AppiumCommandExecutor$1.createSession(AppiumCommandExecutor.java:208)
	at io.appium.java_client.remote.AppiumCommandExecutor.createSession(AppiumCommandExecutor.java:217)
	at io.appium.java_client.remote.AppiumCommandExecutor.execute(AppiumCommandExecutor.java:239)
	at org.openqa.selenium.remote.RemoteWebDriver.execute(RemoteWebDriver.java:577)
	at org.openqa.selenium.remote.RemoteWebDriver.startSession(RemoteWebDriver.java:211)
	at io.appium.java_client.AppiumDriver.startSession(AppiumDriver.java:323)
	at org.openqa.selenium.remote.RemoteWebDriver.&lt;init&gt;(RemoteWebDriver.java:131)
	at io.appium.java_client.DefaultGenericMobileDriver.&lt;init&gt;(DefaultGenericMobileDriver.java:37)
	at io.appium.java_client.AppiumDriver.&lt;init&gt;(AppiumDriver.java:86)
	at io.appium.java_client.AppiumDriver.&lt;init&gt;(AppiumDriver.java:96)
	at io.appium.java_client.ios.IOSDriver.&lt;init&gt;(IOSDriver.java:92)
	at com.saucelabs.example.TestSetup.createDriver(TestSetup.java:64)
	at com.saucelabs.example.TestSetup.IanFtwoPlusThreeOperation(TestSetup.java:73)
Caused by: java.lang.reflect.InvocationTargetException
	at java.base/jdk.internal.reflect.NativeMethodAccessorImpl.invoke0(Native Method)
	at java.base/jdk.internal.reflect.NativeMethodAccessorImpl.invoke(NativeMethodAccessorImpl.java:62)
	at java.base/jdk.internal.reflect.DelegatingMethodAccessorImpl.invoke(DelegatingMethodAccessorImpl.java:43)
	at java.base/java.lang.reflect.Method.invoke(Method.java:566)
	at io.appium.java_client.remote.AppiumCommandExecutor$1.createSession(AppiumCommandExecutor.java:186)
	... 27 more
Caused by: org.openqa.selenium.SessionNotCreatedException: There is no device that matches your criteria. DesiredCapabilities: {appiumVersion=1.13.0, platformVersion=11, name=IanFtwoPlusThreeOperation, testobject_api_key=482E35E9EBD1437391ABBE1F7502C633, platformName=iOS, deviceName=iPhone 8, testobject_device=iPhone 8, testobject_appium_version=1.13.0, testobject_test_name=IanFtwoPlusThreeOperation, testobject_platform_name=iOS}
Build info: version: &apos;unknown&apos;, revision: &apos;unknown&apos;, time: &apos;unknown&apos;
System info: host: &apos;Sauce Labs RDC&apos;, ip: &apos;N/A&apos;, os.name: &apos;Linux&apos;, os.arch: &apos;amd64&apos;, os.version: &apos;4.4.0-119-generic&apos;, java.version: &apos;1.8.0_191&apos;
Driver info: driver.version: unknown
Command duration or timeout: 2.20 seconds
	at java.base/jdk.internal.reflect.NativeConstructorAccessorImpl.newInstance0(Native Method)
	at java.base/jdk.internal.reflect.NativeConstructorAccessorImpl.newInstance(NativeConstructorAccessorImpl.java:62)
	at java.base/jdk.internal.reflect.DelegatingConstructorAccessorImpl.newInstance(DelegatingConstructorAccessorImpl.java:45)
	at java.base/java.lang.reflect.Constructor.newInstance(Constructor.java:490)
	at org.openqa.selenium.remote.ErrorHandler.createThrowable(ErrorHandler.java:214)
	at org.openqa.selenium.remote.ErrorHandler.throwIfResponseFailed(ErrorHandler.java:166)
	at org.openqa.selenium.remote.JsonWireProtocolResponse.lambda$errorHandler$0(JsonWireProtocolResponse.java:54)
	at org.openqa.selenium.remote.HandshakeResponse.lambda$getResponseFunction$0(HandshakeResponse.java:30)
	at org.openqa.selenium.remote.ProtocolHandshake.lambda$createSession$0(ProtocolHandshake.java:126)
	at java.base/java.util.stream.ReferencePipeline$3$1.accept(ReferencePipeline.java:195)
	at java.base/java.util.Spliterators$ArraySpliterator.tryAdvance(Spliterators.java:958)
	at java.base/java.util.stream.ReferencePipeline.forEachWithCancel(ReferencePipeline.java:127)
	at java.base/java.util.stream.AbstractPipeline.copyIntoWithCancel(AbstractPipeline.java:502)
	at java.base/java.util.stream.AbstractPipeline.copyInto(AbstractPipeline.java:488)
	at java.base/java.util.stream.AbstractPipeline.wrapAndCopyInto(AbstractPipeline.java:474)
	at java.base/java.util.stream.FindOps$FindOp.evaluateSequential(FindOps.java:150)
	at java.base/java.util.stream.AbstractPipeline.evaluate(AbstractPipeline.java:234)
	at java.base/java.util.stream.ReferencePipeline.findFirst(ReferencePipeline.java:543)
	at org.openqa.selenium.remote.ProtocolHandshake.createSession(ProtocolHandshake.java:128)
	... 32 more
Caused by: org.openqa.selenium.SessionNotCreatedException: There is no device that matches your criteria. DesiredCapabilities: {appiumVersion=1.13.0, platformVersion=11, name=IanFtwoPlusThreeOperation, testobject_api_key=482E35E9EBD1437391ABBE1F7502C633, platformName=iOS, deviceName=iPhone 8, testobject_device=iPhone 8, testobject_appium_version=1.13.0, testobject_test_name=IanFtwoPlusThreeOperation, testobject_platform_name=iOS}
Build info: version: &apos;unknown&apos;, revision: &apos;unknown&apos;, time: &apos;unknown&apos;
System info: host: &apos;Sauce Labs RDC&apos;, ip: &apos;N/A&apos;, os.name: &apos;Linux&apos;, os.arch: &apos;amd64&apos;, os.version: &apos;4.4.0-119-generic&apos;, java.version: &apos;1.8.0_191&apos;
Driver info: driver.version: unknown
Build info: version: &apos;4.0.0-alpha-1&apos;, revision: &apos;d1d3728cae&apos;, time: &apos;2019-04-24T13:42:21&apos;
System info: host: &apos;SL-1155.local&apos;, ip: &apos;2600:1700:8e01:3f0:0:0:0:42%en0&apos;, os.name: &apos;Mac OS X&apos;, os.arch: &apos;x86_64&apos;, os.version: &apos;10.14.3&apos;, java.version: &apos;11.0.2&apos;
Driver info: driver.version: unknown
</failure>
    <system-out>Configuring TestNG with: org.apache.maven.surefire.testng.conf.TestNG652Configurator@1f554b06
</system-out>
  </testcase>
  <testcase classname="com.saucelabs.example.TestSetup" name="tearDown" time="2.905">
    <failure type="java.lang.NullPointerException">java.lang.NullPointerException
	at com.saucelabs.example.TestSetup.tearDown(TestSetup.java:99)
</failure>
  </testcase>
  <testcase classname="com.saucelabs.example.TestSetup" name="IanFtwoPlusThreeOperation" time="44.027"/>
  <testcase classname="com.saucelabs.example.TestSetup" name="tearDown" time="44.027">
    <skipped/>
  </testcase>
</testsuite>