<?xml version="1.0" encoding="UTF-8"?>
<!-- Generated by org.testng.reporters.JUnitXMLReporter -->
<testsuite hostname="SL-1155.attlocal.net" ignored="0" name="Command line test" tests="2" failures="0" timestamp="22 Oct 2019 14:38:54 GMT" time="39.003" errors="0">
  <testcase name="IanFtwoPlusThreeOperation" time="35.168" classname="com.saucelabs.example.TestSetup"/>
  <testcase name="IanFtwoPlusThreeOperation" time="37.099" classname="com.saucelabs.example.TestSetup"/>
</testsuite> <!-- Command line test -->
