<?xml version="1.0" encoding="UTF-8"?>
<!-- Generated by org.testng.reporters.JUnitXMLReporter -->
<testsuite ignored="0" hostname="SL-1155.local" failures="1" tests="2" name="Command line test" time="44.059" errors="0" timestamp="05 Aug 2019 21:40:48 GMT">
  <testcase classname="com.saucelabs.example.TestSetup" name="@AfterMethod tearDown" time="0.0">
    <failure type="java.lang.NullPointerException">
      <![CDATA[java.lang.NullPointerException
	at com.saucelabs.example.TestSetup.tearDown(TestSetup.java:99)
	at java.base/java.util.concurrent.FutureTask.run(FutureTask.java:264)
	at java.base/java.util.concurrent.Executors$RunnableAdapter.call(Executors.java:515)
	at java.base/java.util.concurrent.FutureTask.run(FutureTask.java:264)
	at java.base/java.util.concurrent.ThreadPoolExecutor.runWorker(ThreadPoolExecutor.java:1128)
	at java.base/java.util.concurrent.ThreadPoolExecutor$Worker.run(ThreadPoolExecutor.java:628)
	at java.base/java.lang.Thread.run(Thread.java:834)
... Removed 11 stack frames]]>
    </failure>
  </testcase> <!-- @AfterMethod tearDown -->
  <testcase classname="com.saucelabs.example.TestSetup" name="@AfterMethod tearDown" time="0.0">
    <skipped/>
  </testcase> <!-- @AfterMethod tearDown -->
  <testcase classname="com.saucelabs.example.TestSetup" name="IanFtwoPlusThreeOperation" time="2.723">
    <failure type="org.openqa.selenium.SessionNotCreatedException" message="Unable to create a new remote session. Please check the server log for more details. Original error: There is no device that matches your criteria. DesiredCapabilities: {appiumVersion=1.13.0, platformVersion=11, name=IanFtwoPlusThreeOperation, testobject_api_key=482E35E9EBD1437391ABBE1F7502C633, platformName=iOS, deviceName=iPhone 8, testobject_device=iPhone 8, testobject_appium_version=1.13.0, testobject_test_name=IanFtwoPlusThreeOperation, testobject_platform_name=iOS}
Build info: version: &amp;apos;unknown&amp;apos;, revision: &amp;apos;unknown&amp;apos;, time: &amp;apos;unknown&amp;apos;
System info: host: &amp;apos;Sauce Labs RDC&amp;apos;, ip: &amp;apos;N/A&amp;apos;, os.name: &amp;apos;Linux&amp;apos;, os.arch: &amp;apos;amd64&amp;apos;, os.version: &amp;apos;4.4.0-119-generic&amp;apos;, java.version: &amp;apos;1.8.0_191&amp;apos;
Driver info: driver.version: unknown
Command duration or timeout: 2.20 seconds
Build info: version: &amp;apos;4.0.0-alpha-1&amp;apos;, revision: &amp;apos;d1d3728cae&amp;apos;, time: &amp;apos;2019-04-24T13:42:21&amp;apos;
System info: host: &amp;apos;SL-1155.local&amp;apos;, ip: &amp;apos;2600:1700:8e01:3f0:0:0:0:42%en0&amp;apos;, os.name: &amp;apos;Mac OS X&amp;apos;, os.arch: &amp;apos;x86_64&amp;apos;, os.version: &amp;apos;10.14.3&amp;apos;, java.version: &amp;apos;11.0.2&amp;apos;
Driver info: driver.version: IOSDriver">
      <![CDATA[org.openqa.selenium.SessionNotCreatedException: Unable to create a new remote session. Please check the server log for more details. Original error: There is no device that matches your criteria. DesiredCapabilities: {appiumVersion=1.13.0, platformVersion=11, name=IanFtwoPlusThreeOperation, testobject_api_key=482E35E9EBD1437391ABBE1F7502C633, platformName=iOS, deviceName=iPhone 8, testobject_device=iPhone 8, testobject_appium_version=1.13.0, testobject_test_name=IanFtwoPlusThreeOperation, testobject_platform_name=iOS}
Build info: version: 'unknown', revision: 'unknown', time: 'unknown'
System info: host: 'Sauce Labs RDC', ip: 'N/A', os.name: 'Linux', os.arch: 'amd64', os.version: '4.4.0-119-generic', java.version: '1.8.0_191'
Driver info: driver.version: unknown
Command duration or timeout: 2.20 seconds
Build info: version: '4.0.0-alpha-1', revision: 'd1d3728cae', time: '2019-04-24T13:42:21'
System info: host: 'SL-1155.local', ip: '2600:1700:8e01:3f0:0:0:0:42%en0', os.name: 'Mac OS X', os.arch: 'x86_64', os.version: '10.14.3', java.version: '11.0.2'
Driver info: driver.version: IOSDriver
	at io.appium.java_client.remote.AppiumCommandExecutor$1.createSession(AppiumCommandExecutor.java:208)
	at io.appium.java_client.remote.AppiumCommandExecutor.createSession(AppiumCommandExecutor.java:217)
	at io.appium.java_client.remote.AppiumCommandExecutor.execute(AppiumCommandExecutor.java:239)
	at org.openqa.selenium.remote.RemoteWebDriver.execute(RemoteWebDriver.java:577)
	at org.openqa.selenium.remote.RemoteWebDriver.startSession(RemoteWebDriver.java:211)
	at io.appium.java_client.AppiumDriver.startSession(AppiumDriver.java:323)
	at org.openqa.selenium.remote.RemoteWebDriver.<init>(RemoteWebDriver.java:131)
	at io.appium.java_client.DefaultGenericMobileDriver.<init>(DefaultGenericMobileDriver.java:37)
	at io.appium.java_client.AppiumDriver.<init>(AppiumDriver.java:86)
	at io.appium.java_client.AppiumDriver.<init>(AppiumDriver.java:96)
	at io.appium.java_client.ios.IOSDriver.<init>(IOSDriver.java:92)
	at com.saucelabs.example.TestSetup.createDriver(TestSetup.java:64)
	at com.saucelabs.example.TestSetup.IanFtwoPlusThreeOperation(TestSetup.java:73)
	at java.base/java.util.concurrent.FutureTask.run(FutureTask.java:264)
	at java.base/java.util.concurrent.Executors$RunnableAdapter.call(Executors.java:515)
	at java.base/java.util.concurrent.FutureTask.run(FutureTask.java:264)
	at java.base/java.util.concurrent.ThreadPoolExecutor.runWorker(ThreadPoolExecutor.java:1128)
	at java.base/java.util.concurrent.ThreadPoolExecutor$Worker.run(ThreadPoolExecutor.java:628)
	at java.base/java.lang.Thread.run(Thread.java:834)
	at io.appium.java_client.remote.AppiumCommandExecutor$1.createSession(AppiumCommandExecutor.java:186)
	... 27 more
Caused by: org.openqa.selenium.SessionNotCreatedException: There is no device that matches your criteria. DesiredCapabilities: {appiumVersion=1.13.0, platformVersion=11, name=IanFtwoPlusThreeOperation, testobject_api_key=482E35E9EBD1437391ABBE1F7502C633, platformName=iOS, deviceName=iPhone 8, testobject_device=iPhone 8, testobject_appium_version=1.13.0, testobject_test_name=IanFtwoPlusThreeOperation, testobject_platform_name=iOS}
Build info: version: 'unknown', revision: 'unknown', time: 'unknown'
System info: host: 'Sauce Labs RDC', ip: 'N/A', os.name: 'Linux', os.arch: 'amd64', os.version: '4.4.0-119-generic', java.version: '1.8.0_191'
Driver info: driver.version: unknown
Command duration or timeout: 2.20 seconds
	at org.openqa.selenium.remote.ErrorHandler.createThrowable(ErrorHandler.java:214)
	at org.openqa.selenium.remote.ErrorHandler.throwIfResponseFailed(ErrorHandler.java:166)
	at org.openqa.selenium.remote.JsonWireProtocolResponse.lambda$errorHandler$0(JsonWireProtocolResponse.java:54)
	at org.openqa.selenium.remote.HandshakeResponse.lambda$getResponseFunction$0(HandshakeResponse.java:30)
	at org.openqa.selenium.remote.ProtocolHandshake.lambda$createSession$0(ProtocolHandshake.java:126)
	at java.base/java.util.stream.ReferencePipeline$3$1.accept(ReferencePipeline.java:195)
	at java.base/java.util.Spliterators$ArraySpliterator.tryAdvance(Spliterators.java:958)
	at java.base/java.util.stream.ReferencePipeline.forEachWithCancel(ReferencePipeline.java:127)
	at java.base/java.util.stream.AbstractPipeline.copyIntoWithCancel(AbstractPipeline.java:502)
	at java.base/java.util.stream.AbstractPipeline.copyInto(AbstractPipeline.java:488)
	at java.base/java.util.stream.AbstractPipeline.wrapAndCopyInto(AbstractPipeline.java:474)
	at java.base/java.util.stream.FindOps$FindOp.evaluateSequential(FindOps.java:150)
	at java.base/java.util.stream.AbstractPipeline.evaluate(AbstractPipeline.java:234)
	at java.base/java.util.stream.ReferencePipeline.findFirst(ReferencePipeline.java:543)
	at org.openqa.selenium.remote.ProtocolHandshake.createSession(ProtocolHandshake.java:128)
	... 32 more
Caused by: org.openqa.selenium.SessionNotCreatedException: There is no device that matches your criteria. DesiredCapabilities: {appiumVersion=1.13.0, platformVersion=11, name=IanFtwoPlusThreeOperation, testobject_api_key=482E35E9EBD1437391ABBE1F7502C633, platformName=iOS, deviceName=iPhone 8, testobject_device=iPhone 8, testobject_appium_version=1.13.0, testobject_test_name=IanFtwoPlusThreeOperation, testobject_platform_name=iOS}
Build info: version: 'unknown', revision: 'unknown', time: 'unknown'
System info: host: 'Sauce Labs RDC', ip: 'N/A', os.name: 'Linux', os.arch: 'amd64', os.version: '4.4.0-119-generic', java.version: '1.8.0_191'
Driver info: driver.version: unknown
Build info: version: '4.0.0-alpha-1', revision: 'd1d3728cae', time: '2019-04-24T13:42:21'
System info: host: 'SL-1155.local', ip: '2600:1700:8e01:3f0:0:0:0:42%en0', os.name: 'Mac OS X', os.arch: 'x86_64', os.version: '10.14.3', java.version: '11.0.2'
Driver info: driver.version: unknown
... Removed 18 stack frames]]>
    </failure>
  </testcase> <!-- IanFtwoPlusThreeOperation -->
  <testcase classname="com.saucelabs.example.TestSetup" name="IanFtwoPlusThreeOperation" time="44.029"/>
</testsuite> <!-- Command line test -->
